This is XeTeX, Version 3.141592653-2.6-0.999993 (TeX Live 2021/W32TeX) (preloaded format=xelatex 2021.8.8)  24 SEP 2021 16:26
entering extended mode
 restricted \write18 enabled.
 %&-line parsing enabled.
**funcoes
(x:/texlive/2021/texmf-dist/tex/latex/tools/x.tex
LaTeX2e <2021-06-01> patch level 1
L3 programming layer <2021-07-12>
! .
l.38   \batchmode \errmessage{}
                               \csname @@end\endcsname \end
This error message was generated by an \errmessage
command, so I can't give any explicit help.
Pretend that you're Hercule Poirot: Examine all clues,
and deduce the truth by order and method.

 ) 
Here is how much of TeX's memory you used:
 17 strings out of 476476
 407 string characters out of 5817846
 300539 words of memory out of 5000000
 20569 multiletter control sequences out of 15000+600000
 403430 words of font info for 27 fonts, out of 8000000 for 9000
 1348 hyphenation exceptions out of 8191
 12i,0n,12p,87b,10s stack positions out of 5000i,500n,10000p,200000b,80000s

No pages of output.
